<?xml version="1.0" encoding="UTF-8"?>
<testng-results ignored="0" total="1" passed="1" failed="0" skipped="0">
  <reporter-output>
  </reporter-output>
  <suite started-at="2024-12-06T11:51:11 IST" name="Default suite" finished-at="2024-12-06T11:51:35 IST" duration-ms="24644">
    <groups>
    </groups>
    <test started-at="2024-12-06T11:51:11 IST" name="Default test" finished-at="2024-12-06T11:51:35 IST" duration-ms="24644">
      <class name="testng.Assert">
        <test-method signature="signup()[pri:0, instance:testng.Assert@1a245833]" started-at="2024-12-06T11:51:11 IST" name="signup" finished-at="2024-12-06T11:51:35 IST" duration-ms="24609" status="PASS">
          <reporter-output>
          </reporter-output>
        </test-method> <!-- signup -->
      </class> <!-- testng.Assert -->
    </test> <!-- Default test -->
  </suite> <!-- Default suite -->
</testng-results>
